<?xml version="1.0" encoding="UTF-8"?>
<!-- Generated by org.testng.reporters.JUnitReportReporter -->
<testsuite skipped="1" hostname="Kiruthik" name="com.TestYantra.VTiger.Tl_02CreateNewLead" tests="2" failures="0" timestamp="01 Dec 2021 11:23:29 GMT" time="9.514" errors="1">
  <testcase name="fillDetails" time="0.000" classname="com.TestYantra.VTiger.Tl_02CreateNewLead">
    <skipped/>
  </testcase> <!-- fillDetails -->
  <testcase name="openBrowser" time="9.514" classname="com.TestYantra.VTiger.Tl_02CreateNewLead">
    <error type="org.openqa.selenium.SessionNotCreatedException" message="session not created
from disconnected: received Inspector.detached event
  (Session info: chrome=96.0.4664.45)
Build info: version: &#039;3.141.59&#039;, revision: &#039;e82be7d358&#039;, time: &#039;2018-11-14T08:17:03&#039;
System info: host: &#039;KIRUTHIK&#039;, ip: &#039;127.0.0.1&#039;, os.name: &#039;Windows 8&#039;, os.arch: &#039;x86&#039;, os.version: &#039;6.2&#039;, java.version: &#039;1.8.0_281&#039;
Driver info: driver.version: ChromeDriver
remote stacktrace: Backtrace:
	Ordinal0 [0x01106903+2517251]
	Ordinal0 [0x0109F8E1+2095329]
	Ordinal0 [0x00FA2848+1058888]
	Ordinal0 [0x00F95AD4+1006292]
	Ordinal0 [0x00F95716+1005334]
	Ordinal0 [0x00F94DDA+1002970]
	Ordinal0 [0x00F93F8D+999309]
	Ordinal0 [0x00F94246+1000006]
	Ordinal0 [0x00F93B35+998197]
	Ordinal0 [0x00F9E924+1042724]
	Ordinal0 [0x00F93AF1+998129]
	Ordinal0 [0x00F949F6+1001974]
	Ordinal0 [0x00F93F8D+999309]
	Ordinal0 [0x00F94246+1000006]
	Ordinal0 [0x00F93B35+998197]
	Ordinal0 [0x00F9C923+1034531]
	Ordinal0 [0x00F93AF1+998129]
	Ordinal0 [0x00F949F6+1001974]
	Ordinal0 [0x00F93F8D+999309]
	Ordinal0 [0x00F94246+1000006]
	Ordinal0 [0x00F93B35+998197]
	Ordinal0 [0x00F9A739+1025849]
	Ordinal0 [0x00F93AF1+998129]
	Ordinal0 [0x00F949F6+1001974]
	Ordinal0 [0x00F93F8D+999309]
	Ordinal0 [0x00F94246+1000006]
	Ordinal0 [0x00F93B35+998197]
	Ordinal0 [0x00F99ABC+1022652]
	Ordinal0 [0x00F93AF1+998129]
	Ordinal0 [0x00F949F6+1001974]
	Ordinal0 [0x00F93F8D+999309]
	Ordinal0 [0x00F94246+1000006]
	Ordinal0 [0x00F93B35+998197]
	Ordinal0 [0x00F8F6ED+980717]
	Ordinal0 [0x00F93AF1+998129]
	Ordinal0 [0x00F93890+997520]
	Ordinal0 [0x00F93629+996905]
	Ordinal0 [0x00FA3A60+1063520]
	Ordinal0 [0x00FEBA7A+1358458]
	Ordinal0 [0x00FEA71A+1353498]
	Ordinal0 [0x00FE639B+1336219]
	Ordinal0 [0x00FC27A7+1189799]
	Ordinal0 [0x00FC3609+1193481]
	GetHandleVerifier [0x01295904+1577972]
	GetHandleVerifier [0x01340B97+2279047]
	GetHandleVerifier [0x01196D09+534521]
	GetHandleVerifier [0x01195DB9+530601]
	Ordinal0 [0x010A4FF9+2117625]
	Ordinal0 [0x010A98A8+2136232]
	Ordinal0 [0x010A99E2+2136546]
	Ordinal0 [0x010B3541+2176321]
	BaseThreadInitThunk [0x7587173E+18]
	LdrInitializeThunk [0x77B6AEA1+652]
	LdrInitializeThunk [0x77B6AE4D+568]
">
      <![CDATA[org.openqa.selenium.SessionNotCreatedException: session not created
from disconnected: received Inspector.detached event
  (Session info: chrome=96.0.4664.45)
Build info: version: '3.141.59', revision: 'e82be7d358', time: '2018-11-14T08:17:03'
System info: host: 'KIRUTHIK', ip: '127.0.0.1', os.name: 'Windows 8', os.arch: 'x86', os.version: '6.2', java.version: '1.8.0_281'
Driver info: driver.version: ChromeDriver
remote stacktrace: Backtrace:
Ordinal0 [0x01106903+2517251]
Ordinal0 [0x0109F8E1+2095329]
Ordinal0 [0x00FA2848+1058888]
Ordinal0 [0x00F95AD4+1006292]
Ordinal0 [0x00F95716+1005334]
Ordinal0 [0x00F94DDA+1002970]
Ordinal0 [0x00F93F8D+999309]
Ordinal0 [0x00F94246+1000006]
Ordinal0 [0x00F93B35+998197]
Ordinal0 [0x00F9E924+1042724]
Ordinal0 [0x00F93AF1+998129]
Ordinal0 [0x00F949F6+1001974]
Ordinal0 [0x00F93F8D+999309]
Ordinal0 [0x00F94246+1000006]
Ordinal0 [0x00F93B35+998197]
Ordinal0 [0x00F9C923+1034531]
Ordinal0 [0x00F93AF1+998129]
Ordinal0 [0x00F949F6+1001974]
Ordinal0 [0x00F93F8D+999309]
Ordinal0 [0x00F94246+1000006]
Ordinal0 [0x00F93B35+998197]
Ordinal0 [0x00F9A739+1025849]
Ordinal0 [0x00F93AF1+998129]
Ordinal0 [0x00F949F6+1001974]
Ordinal0 [0x00F93F8D+999309]
Ordinal0 [0x00F94246+1000006]
Ordinal0 [0x00F93B35+998197]
Ordinal0 [0x00F99ABC+1022652]
Ordinal0 [0x00F93AF1+998129]
Ordinal0 [0x00F949F6+1001974]
Ordinal0 [0x00F93F8D+999309]
Ordinal0 [0x00F94246+1000006]
Ordinal0 [0x00F93B35+998197]
Ordinal0 [0x00F8F6ED+980717]
Ordinal0 [0x00F93AF1+998129]
Ordinal0 [0x00F93890+997520]
Ordinal0 [0x00F93629+996905]
Ordinal0 [0x00FA3A60+1063520]
Ordinal0 [0x00FEBA7A+1358458]
Ordinal0 [0x00FEA71A+1353498]
Ordinal0 [0x00FE639B+1336219]
Ordinal0 [0x00FC27A7+1189799]
Ordinal0 [0x00FC3609+1193481]
GetHandleVerifier [0x01295904+1577972]
GetHandleVerifier [0x01340B97+2279047]
GetHandleVerifier [0x01196D09+534521]
GetHandleVerifier [0x01195DB9+530601]
Ordinal0 [0x010A4FF9+2117625]
Ordinal0 [0x010A98A8+2136232]
Ordinal0 [0x010A99E2+2136546]
Ordinal0 [0x010B3541+2176321]
BaseThreadInitThunk [0x7587173E+18]
LdrInitializeThunk [0x77B6AEA1+652]
LdrInitializeThunk [0x77B6AE4D+568]

at sun.reflect.NativeConstructorAccessorImpl.newInstance0(Native Method)
at sun.reflect.NativeConstructorAccessorImpl.newInstance(NativeConstructorAccessorImpl.java:62)
at sun.reflect.DelegatingConstructorAccessorImpl.newInstance(DelegatingConstructorAccessorImpl.java:45)
at java.lang.reflect.Constructor.newInstance(Constructor.java:423)
at org.openqa.selenium.remote.W3CHandshakeResponse.lambda$errorHandler$0(W3CHandshakeResponse.java:62)
at org.openqa.selenium.remote.HandshakeResponse.lambda$getResponseFunction$0(HandshakeResponse.java:30)
at org.openqa.selenium.remote.ProtocolHandshake.lambda$createSession$0(ProtocolHandshake.java:126)
at java.util.stream.ReferencePipeline$3$1.accept(ReferencePipeline.java:193)
at java.util.Spliterators$ArraySpliterator.tryAdvance(Spliterators.java:958)
at java.util.stream.ReferencePipeline.forEachWithCancel(ReferencePipeline.java:126)
at java.util.stream.AbstractPipeline.copyIntoWithCancel(AbstractPipeline.java:499)
at java.util.stream.AbstractPipeline.copyInto(AbstractPipeline.java:486)
at java.util.stream.AbstractPipeline.wrapAndCopyInto(AbstractPipeline.java:472)
at java.util.stream.FindOps$FindOp.evaluateSequential(FindOps.java:152)
at java.util.stream.AbstractPipeline.evaluate(AbstractPipeline.java:234)
at java.util.stream.ReferencePipeline.findFirst(ReferencePipeline.java:464)
at org.openqa.selenium.remote.ProtocolHandshake.createSession(ProtocolHandshake.java:128)
at org.openqa.selenium.remote.ProtocolHandshake.createSession(ProtocolHandshake.java:74)
at org.openqa.selenium.remote.HttpCommandExecutor.execute(HttpCommandExecutor.java:136)
at org.openqa.selenium.remote.service.DriverCommandExecutor.execute(DriverCommandExecutor.java:83)
at org.openqa.selenium.remote.RemoteWebDriver.execute(RemoteWebDriver.java:552)
at org.openqa.selenium.remote.RemoteWebDriver.startSession(RemoteWebDriver.java:213)
at org.openqa.selenium.remote.RemoteWebDriver.<init>(RemoteWebDriver.java:131)
at org.openqa.selenium.chrome.ChromeDriver.<init>(ChromeDriver.java:181)
at org.openqa.selenium.chrome.ChromeDriver.<init>(ChromeDriver.java:168)
at org.openqa.selenium.chrome.ChromeDriver.<init>(ChromeDriver.java:123)
at com.fileutility.BaseClass.openBrowser(BaseClass.java:29)
at sun.reflect.NativeMethodAccessorImpl.invoke0(Native Method)
at sun.reflect.NativeMethodAccessorImpl.invoke(NativeMethodAccessorImpl.java:62)
at sun.reflect.DelegatingMethodAccessorImpl.invoke(DelegatingMethodAccessorImpl.java:43)
at java.lang.reflect.Method.invoke(Method.java:498)
at org.testng.internal.MethodInvocationHelper.invokeMethod(MethodInvocationHelper.java:124)
at org.testng.internal.MethodInvocationHelper.invokeMethodConsideringTimeout(MethodInvocationHelper.java:59)
at org.testng.internal.Invoker.invokeConfigurationMethod(Invoker.java:458)
at org.testng.internal.Invoker.invokeConfigurations(Invoker.java:222)
at org.testng.internal.Invoker.invokeConfigurations(Invoker.java:142)
at org.testng.internal.TestMethodWorker.invokeBeforeClassMethods(TestMethodWorker.java:168)
at org.testng.internal.TestMethodWorker.run(TestMethodWorker.java:105)
at org.testng.TestRunner.privateRun(TestRunner.java:648)
at org.testng.TestRunner.run(TestRunner.java:505)
at org.testng.SuiteRunner.runTest(SuiteRunner.java:455)
at org.testng.SuiteRunner.runSequentially(SuiteRunner.java:450)
at org.testng.SuiteRunner.privateRun(SuiteRunner.java:415)
at org.testng.SuiteRunner.run(SuiteRunner.java:364)
at org.testng.SuiteRunnerWorker.runSuite(SuiteRunnerWorker.java:52)
at org.testng.SuiteRunnerWorker.run(SuiteRunnerWorker.java:84)
at org.testng.TestNG.runSuitesSequentially(TestNG.java:1208)
at org.testng.TestNG.runSuitesLocally(TestNG.java:1137)
at org.testng.TestNG.runSuites(TestNG.java:1049)
at org.testng.TestNG.run(TestNG.java:1017)
at org.testng.remote.AbstractRemoteTestNG.run(AbstractRemoteTestNG.java:114)
at org.testng.remote.RemoteTestNG.initAndRun(RemoteTestNG.java:251)
at org.testng.remote.RemoteTestNG.main(RemoteTestNG.java:77)
]]>
    </error>
  </testcase> <!-- openBrowser -->
</testsuite> <!-- com.TestYantra.VTiger.Tl_02CreateNewLead -->
